TN:
SF:src\App.vue
FNF:0
FNH:0
DA:1,1
LF:1
LH:1
BRF:0
BRH:0
end_of_record
TN:
SF:src\api.js
FN:8,login
FN:13,getDashboard
FN:18,getRoles
FN:23,getTraderAccounts
FN:28,getFactorCategories
FN:33,getFunds
FN:38,getBaseFactors
FN:43,getBaseFactorValues
FN:48,getDerivativeFactors
FN:53,getDerivativeFactorValues
FN:58,getStyleFactors
FN:63,getStyleFactorValues
FN:68,createDerivativeFactor
FN:73,createStyleFactor
FN:79,updateDerivativeFactor
FN:84,deleteDerivativeFactor
FN:89,pinDerivativeFactor
FN:95,updateStyleFactor
FN:100,deleteStyleFactor
FN:106,getFactorPerformance
FN:111,getFactorCorrelation
FN:117,aiChat
FN:122,aiConversations
FN:127,aiDeleteConversation
FNF:24
FNH:15
FNDA:1,login
FNDA:1,getDashboard
FNDA:1,getRoles
FNDA:0,getTraderAccounts
FNDA:0,getFactorCategories
FNDA:0,getFunds
FNDA:0,getBaseFactors
FNDA:1,getBaseFactorValues
FNDA:0,getDerivativeFactors
FNDA:0,getDerivativeFactorValues
FNDA:0,getStyleFactors
FNDA:0,getStyleFactorValues
FNDA:1,createDerivativeFactor
FNDA:1,createStyleFactor
FNDA:1,updateDerivativeFactor
FNDA:1,deleteDerivativeFactor
FNDA:0,pinDerivativeFactor
FNDA:1,updateStyleFactor
FNDA:1,deleteStyleFactor
FNDA:1,getFactorPerformance
FNDA:1,getFactorCorrelation
FNDA:1,aiChat
FNDA:1,aiConversations
FNDA:1,aiDeleteConversation
DA:1,1
DA:2,1
DA:3,1
DA:4,1
DA:5,1
DA:6,1
DA:7,1
DA:8,1
DA:9,1
DA:10,0
DA:11,0
DA:12,1
DA:13,1
DA:14,1
DA:15,0
DA:16,0
DA:17,1
DA:18,1
DA:19,1
DA:20,0
DA:21,0
DA:22,1
DA:23,1
DA:24,0
DA:25,0
DA:26,0
DA:27,1
DA:28,1
DA:29,0
DA:30,0
DA:31,0
DA:32,1
DA:33,1
DA:34,0
DA:35,0
DA:36,0
DA:37,1
DA:38,1
DA:39,0
DA:40,0
DA:41,0
DA:42,1
DA:43,1
DA:44,1
DA:45,0
DA:46,0
DA:47,1
DA:48,1
DA:49,0
DA:50,0
DA:51,0
DA:52,1
DA:53,1
DA:54,0
DA:55,0
DA:56,0
DA:57,1
DA:58,1
DA:59,0
DA:60,0
DA:61,0
DA:62,1
DA:63,1
DA:64,0
DA:65,0
DA:66,0
DA:67,1
DA:68,1
DA:69,1
DA:70,0
DA:71,0
DA:72,1
DA:73,1
DA:74,1
DA:75,0
DA:76,0
DA:77,1
DA:78,1
DA:79,1
DA:80,1
DA:81,0
DA:82,0
DA:83,1
DA:84,1
DA:85,1
DA:86,0
DA:87,0
DA:88,1
DA:89,1
DA:90,0
DA:91,0
DA:92,0
DA:93,1
DA:94,1
DA:95,1
DA:96,1
DA:97,0
DA:98,0
DA:99,1
DA:100,1
DA:101,1
DA:102,0
DA:103,0
DA:104,1
DA:105,1
DA:106,1
DA:107,1
DA:108,0
DA:109,0
DA:110,1
DA:111,1
DA:112,1
DA:113,0
DA:114,0
DA:115,1
DA:116,1
DA:117,1
DA:118,1
DA:119,0
DA:120,0
DA:121,1
DA:122,1
DA:123,1
DA:124,0
DA:125,0
DA:126,1
DA:127,1
DA:128,1
DA:129,0
DA:130,0
LF:130
LH:73
BRDA:8,0,0,1
BRDA:9,1,0,0
BRDA:13,2,0,1
BRDA:14,3,0,0
BRDA:18,4,0,1
BRDA:19,5,0,0
BRDA:43,6,0,1
BRDA:44,7,0,0
BRDA:68,8,0,1
BRDA:69,9,0,0
BRDA:73,10,0,1
BRDA:74,11,0,0
BRDA:79,12,0,1
BRDA:80,13,0,0
BRDA:84,14,0,1
BRDA:85,15,0,0
BRDA:95,16,0,1
BRDA:96,17,0,0
BRDA:100,18,0,1
BRDA:101,19,0,0
BRDA:106,20,0,1
BRDA:107,21,0,0
BRDA:111,22,0,1
BRDA:112,23,0,0
BRDA:117,24,0,1
BRDA:118,25,0,0
BRDA:122,26,0,1
BRDA:123,27,0,0
BRDA:127,28,0,1
BRDA:128,29,0,0
BRF:30
BRH:15
end_of_record
TN:
SF:src\router.js
FNF:0
FNH:0
DA:1,1
DA:2,1
DA:3,1
DA:4,1
DA:5,1
DA:6,1
DA:7,1
DA:8,1
DA:9,1
DA:10,1
DA:11,1
DA:12,1
DA:13,1
DA:14,1
DA:15,1
DA:16,1
DA:17,1
DA:18,1
DA:19,1
DA:20,1
DA:21,1
DA:22,1
DA:23,1
DA:24,1
DA:25,1
DA:26,1
DA:27,1
DA:28,1
DA:29,1
DA:30,1
DA:31,1
DA:32,1
DA:33,1
DA:34,1
DA:35,1
DA:36,1
LF:36
LH:36
BRF:0
BRH:0
end_of_record
TN:
SF:src\components\ChatSidebar.vue
FNF:0
FNH:0
DA:1,1
DA:2,1
DA:3,1
DA:4,1
DA:5,1
DA:6,1
DA:7,1
DA:8,1
DA:9,1
DA:10,1
DA:11,1
DA:12,1
DA:13,1
DA:14,1
DA:15,1
DA:16,1
DA:17,1
DA:18,1
DA:19,1
DA:20,1
DA:21,1
DA:22,1
DA:23,1
DA:24,1
DA:25,1
DA:26,1
DA:27,1
DA:28,1
DA:29,1
DA:30,1
DA:31,1
DA:32,1
DA:33,1
DA:34,1
DA:35,1
DA:36,1
DA:37,1
DA:38,1
DA:39,1
DA:40,1
DA:41,1
DA:42,1
DA:43,1
DA:44,1
DA:45,1
DA:46,1
DA:47,1
DA:48,1
DA:49,1
DA:50,1
DA:51,1
DA:52,1
DA:53,1
DA:54,1
DA:55,1
DA:56,1
DA:57,1
DA:58,1
DA:59,1
DA:60,1
DA:61,1
DA:62,1
DA:63,1
DA:64,1
DA:65,1
DA:66,1
DA:67,1
DA:68,1
DA:69,1
DA:70,1
DA:71,1
DA:72,1
DA:73,1
DA:74,1
DA:75,1
DA:76,1
DA:77,1
DA:78,1
DA:79,1
DA:80,1
DA:81,1
DA:82,1
DA:83,1
DA:84,1
DA:85,1
DA:86,1
DA:87,1
DA:88,1
DA:89,1
DA:90,1
DA:91,1
DA:92,1
DA:93,1
DA:94,1
DA:95,1
DA:96,1
DA:97,1
DA:98,1
DA:99,1
DA:100,1
DA:101,1
DA:102,1
DA:103,1
DA:104,1
DA:105,1
DA:106,1
DA:107,1
DA:108,1
DA:109,1
DA:110,1
DA:111,1
DA:112,1
DA:113,1
DA:114,1
DA:115,1
DA:116,1
DA:117,1
DA:118,1
DA:119,1
DA:120,1
DA:121,1
DA:122,1
DA:123,1
DA:124,1
DA:125,1
DA:126,1
DA:127,1
DA:128,1
DA:129,1
DA:130,1
DA:131,1
DA:132,1
DA:133,1
DA:134,1
DA:135,1
DA:136,1
DA:137,1
DA:138,1
DA:139,1
DA:140,1
DA:141,1
DA:142,1
DA:143,1
DA:144,1
DA:145,1
DA:146,1
DA:147,1
DA:148,1
DA:149,1
DA:150,1
DA:151,1
DA:152,1
DA:153,1
DA:154,1
DA:155,1
DA:156,1
DA:157,1
DA:158,1
DA:159,1
DA:160,1
DA:161,1
DA:162,1
DA:163,1
DA:164,1
DA:165,1
DA:166,1
DA:167,1
DA:168,1
DA:169,1
DA:170,1
DA:171,1
DA:172,1
DA:173,1
DA:174,1
DA:175,1
DA:176,1
DA:177,1
DA:178,1
DA:179,1
DA:180,1
DA:181,1
DA:182,1
DA:183,1
DA:184,1
DA:185,1
DA:186,1
DA:187,1
DA:188,1
DA:189,1
DA:190,1
DA:191,1
DA:192,1
DA:193,1
DA:194,1
DA:195,1
DA:196,1
DA:197,1
DA:198,1
DA:199,1
DA:200,1
DA:201,1
DA:202,1
DA:203,1
DA:204,1
DA:205,1
DA:206,1
DA:207,1
DA:208,1
DA:209,1
DA:210,1
DA:211,1
DA:212,1
DA:213,1
DA:214,1
DA:215,1
DA:216,1
DA:217,1
DA:218,1
DA:219,1
DA:220,1
DA:221,1
DA:222,1
DA:223,1
DA:224,1
DA:225,1
DA:226,1
DA:227,1
DA:228,1
DA:229,1
DA:230,1
DA:231,1
DA:232,1
DA:233,1
DA:234,1
DA:235,1
DA:236,1
DA:237,1
DA:238,1
DA:239,1
DA:240,1
DA:241,1
DA:242,1
DA:243,1
DA:244,1
DA:245,1
DA:246,1
DA:247,1
DA:248,1
DA:249,1
DA:250,1
DA:251,1
DA:252,1
DA:253,1
DA:254,1
DA:255,1
DA:256,1
DA:257,1
DA:258,1
DA:259,1
DA:260,1
DA:261,1
DA:262,1
DA:263,1
DA:264,1
DA:265,1
DA:266,1
DA:267,1
DA:268,1
DA:269,1
DA:270,1
DA:271,1
DA:272,1
DA:273,1
DA:274,1
DA:275,1
DA:276,1
DA:277,1
DA:278,1
DA:279,1
DA:280,1
DA:281,1
DA:282,1
DA:283,1
DA:284,1
DA:285,1
DA:286,1
DA:287,1
DA:288,1
DA:289,1
DA:290,1
DA:291,1
DA:292,1
DA:293,1
DA:294,1
LF:294
LH:294
BRF:0
BRH:0
end_of_record
TN:
SF:src\components\FactorDialog.vue
FN:31,get
FN:31,set
FN:36,__vite_ssr_import_0__.watch.step.value
FN:2,__vite_ssr_import_1__.createBlock.onUpdate:modelValue._cache.<computed>._cache.<computed>
FN:2,__vite_ssr_import_1__.createBlock.onClose._cache.<computed>._cache.<computed>
FNF:5
FNH:3
FNDA:12,get
FNDA:1,set
FNDA:12,__vite_ssr_import_0__.watch.step.value
FNDA:0,__vite_ssr_import_1__.createBlock.onUpdate:modelValue._cache.<computed>._cache.<computed>
FNDA:0,__vite_ssr_import_1__.createBlock.onClose._cache.<computed>._cache.<computed>
DA:1,1
DA:2,1
DA:3,1
DA:4,1
DA:5,1
DA:6,1
DA:7,1
DA:8,1
DA:9,1
DA:10,1
DA:11,1
DA:12,1
DA:13,1
DA:14,1
DA:15,1
DA:16,1
DA:17,1
DA:18,1
DA:19,1
DA:20,1
DA:21,1
DA:22,1
DA:23,1
DA:24,1
DA:25,1
DA:26,1
DA:27,1
DA:28,1
DA:29,1
DA:30,1
DA:31,1
DA:32,1
DA:33,1
DA:34,1
DA:35,1
DA:36,1
DA:37,1
LF:37
LH:37
BRDA:31,0,0,12
BRDA:31,1,0,1
BRDA:34,2,0,4
BRDA:34,3,0,8
BRDA:34,4,0,0
BRDA:34,5,0,13
BRDA:35,6,0,2
BRDA:35,7,0,4
BRDA:35,8,0,0
BRDA:36,9,0,12
BRDA:36,10,0,1
BRDA:36,11,0,0
BRDA:2,12,0,11
BRDA:2,13,0,11
BRF:14
BRH:11
end_of_record
TN:
SF:src\components\FactorPage.vue
FNF:0
FNH:0
DA:1,1
DA:2,1
DA:3,1
DA:4,1
DA:5,1
DA:6,1
DA:7,1
LF:7
LH:7
BRF:0
BRH:0
end_of_record
TN:
SF:src\pages\DerivativeFactorPage.vue
FN:132,insertText
FN:136,load
FN:151,openCreate
FN:159,openEdit
FN:172,handleDelete
FN:181,__vite_ssr_import_0__.watch.deep
FN:188,submitDialog
FN:27,onClick
FN:28,onClick
FN:34,__vite_ssr_import_3__.createElementBlock.__vite_ssr_import_3__.createVNode.onUpdate:modelValue._cache.<computed>._cache.<computed>
FN:95,__vite_ssr_import_3__.createVNode.onClick._cache.<computed>._cache.<computed>
FN:37,__vite_ssr_import_3__.createVNode.onUpdate:modelValue._cache.<computed>._cache.<computed>
FN:40,__vite_ssr_import_3__.createVNode.onUpdate:modelValue._cache.<computed>._cache.<computed>
FN:48,onClick
FN:52,onClick
FN:56,onClick
FN:57,__vite_ssr_import_3__.createElementVNode.__vite_ssr_import_3__.createElementVNode.__vite_ssr_import_3__.createVNode.onClick._cache.<computed>._cache.<computed>
FN:60,__vite_ssr_import_3__.createElementVNode.__vite_ssr_import_3__.createVNode.onUpdate:modelValue._cache.<computed>._cache.<computed>
FN:78,onUpdate:modelValue
FN:88,__vite_ssr_import_3__.createVNode.onUpdate:modelValue._cache.<computed>._cache.<computed>
FNF:20
FNH:4
FNDA:0,insertText
FNDA:5,load
FNDA:2,openCreate
FNDA:0,openEdit
FNDA:0,handleDelete
FNDA:2,__vite_ssr_import_0__.watch.deep
FNDA:1,submitDialog
FNDA:0,onClick
FNDA:0,onClick
FNDA:0,__vite_ssr_import_3__.createElementBlock.__vite_ssr_import_3__.createVNode.onUpdate:modelValue._cache.<computed>._cache.<computed>
FNDA:0,__vite_ssr_import_3__.createVNode.onClick._cache.<computed>._cache.<computed>
FNDA:0,__vite_ssr_import_3__.createVNode.onUpdate:modelValue._cache.<computed>._cache.<computed>
FNDA:0,__vite_ssr_import_3__.createVNode.onUpdate:modelValue._cache.<computed>._cache.<computed>
FNDA:0,onClick
FNDA:0,onClick
FNDA:0,onClick
FNDA:0,__vite_ssr_import_3__.createElementVNode.__vite_ssr_import_3__.createElementVNode.__vite_ssr_import_3__.createVNode.onClick._cache.<computed>._cache.<computed>
FNDA:0,__vite_ssr_import_3__.createElementVNode.__vite_ssr_import_3__.createVNode.onUpdate:modelValue._cache.<computed>._cache.<computed>
FNDA:0,onUpdate:modelValue
FNDA:0,__vite_ssr_import_3__.createVNode.onUpdate:modelValue._cache.<computed>._cache.<computed>
DA:1,1
DA:2,1
DA:3,1
DA:4,1
DA:5,1
DA:6,1
DA:7,1
DA:8,1
DA:9,1
DA:10,1
DA:11,1
DA:12,1
DA:13,1
DA:14,1
DA:15,1
DA:16,1
DA:17,1
DA:18,1
DA:19,1
DA:20,1
DA:21,1
DA:22,1
DA:23,1
DA:24,1
DA:25,1
DA:26,1
DA:27,1
DA:28,1
DA:29,1
DA:30,1
DA:31,1
DA:32,1
DA:33,1
DA:34,1
DA:35,1
DA:36,1
DA:37,1
DA:38,1
DA:39,1
DA:40,1
DA:41,1
DA:42,1
DA:43,1
DA:44,1
DA:45,1
DA:46,1
DA:47,1
DA:48,1
DA:49,1
DA:50,1
DA:51,1
DA:52,1
DA:53,1
DA:54,1
DA:55,1
DA:56,1
DA:57,1
DA:58,1
DA:59,1
DA:60,1
DA:61,1
DA:62,1
DA:63,1
DA:64,1
DA:65,1
DA:66,1
DA:67,1
DA:68,1
DA:69,1
DA:70,1
DA:71,1
DA:72,1
DA:73,1
DA:74,1
DA:75,1
DA:76,1
DA:77,1
DA:78,1
DA:79,1
DA:80,1
DA:81,1
DA:82,1
DA:83,1
DA:84,1
DA:85,1
DA:86,1
DA:87,1
DA:88,1
DA:89,1
DA:90,1
DA:91,1
DA:92,1
DA:93,1
DA:94,1
DA:95,1
DA:96,1
DA:97,1
DA:98,1
DA:99,1
DA:100,1
DA:101,1
DA:102,1
DA:103,1
DA:104,1
DA:105,1
DA:106,1
DA:107,1
DA:108,1
DA:109,1
DA:110,1
DA:111,1
DA:112,1
DA:113,1
DA:114,1
DA:115,1
DA:116,1
DA:117,1
DA:118,1
DA:119,1
DA:120,1
DA:121,1
DA:122,1
DA:123,1
DA:124,1
DA:125,1
DA:126,1
DA:127,1
DA:128,1
DA:129,1
DA:130,1
DA:131,1
DA:132,0
DA:133,0
DA:134,0
DA:135,1
DA:136,5
DA:137,5
DA:138,5
DA:139,5
DA:140,5
DA:141,5
DA:142,5
DA:143,5
DA:144,5
DA:145,5
DA:146,5
DA:147,5
DA:148,5
DA:149,5
DA:150,1
DA:151,2
DA:152,2
DA:153,2
DA:154,2
DA:155,2
DA:156,2
DA:157,2
DA:158,1
DA:159,0
DA:160,0
DA:161,0
DA:162,0
DA:163,0
DA:164,0
DA:165,0
DA:166,0
DA:167,0
DA:168,0
DA:169,0
DA:170,0
DA:171,1
DA:172,0
DA:173,0
DA:174,0
DA:175,0
DA:176,0
DA:177,0
DA:178,0
DA:179,1
DA:180,1
DA:181,1
DA:182,2
DA:183,1
DA:184,1
DA:185,2
DA:186,1
DA:187,1
DA:188,1
DA:189,1
DA:190,1
DA:191,1
DA:192,1
DA:193,1
DA:194,1
DA:195,1
DA:196,1
DA:197,1
DA:198,1
DA:199,1
DA:200,0
DA:201,0
DA:202,0
DA:203,1
DA:204,1
DA:205,1
DA:206,1
DA:207,1
DA:208,1
DA:209,1
DA:210,0
DA:211,1
DA:212,1
DA:213,1
DA:214,1
DA:215,1
DA:216,1
DA:217,1
DA:218,1
DA:219,1
DA:220,1
DA:221,1
DA:222,1
DA:223,1
DA:224,1
DA:225,1
DA:226,1
DA:227,1
DA:228,1
DA:229,1
DA:230,1
DA:231,1
DA:232,1
DA:233,1
DA:234,1
DA:235,1
DA:236,1
DA:237,1
LF:237
LH:211
BRDA:129,0,0,1
BRDA:129,1,0,1
BRDA:129,2,0,0
BRDA:136,3,0,5
BRDA:143,4,0,0
BRDA:144,5,0,0
BRDA:144,6,0,0
BRDA:151,7,0,2
BRDA:181,8,0,6
BRDA:181,9,0,2
BRDA:182,10,0,1
BRDA:184,11,0,0
BRDA:184,12,0,0
BRDA:188,13,0,1
BRDA:189,14,0,0
BRDA:194,15,0,0
BRDA:195,16,0,0
BRDA:199,17,0,0
BRDA:207,18,0,0
BRDA:209,19,0,0
BRDA:197,20,0,1
BRDA:4,21,0,4
BRDA:34,22,0,4
BRDA:34,23,0,0
BRDA:13,24,0,4
BRDA:18,25,0,0
BRDA:22,26,0,0
BRDA:22,27,0,0
BRDA:95,28,0,2
BRDA:97,29,0,0
BRDA:37,30,0,2
BRDA:40,31,0,2
BRDA:47,32,0,2
BRDA:51,33,0,2
BRDA:55,34,0,2
BRDA:57,35,0,2
BRDA:60,36,0,2
BRDA:83,37,0,0
BRDA:88,38,0,2
BRF:39
BRH:21
end_of_record
TN:
SF:src\pages\EmptyPage.vue
FNF:0
FNH:0
DA:1,1
DA:2,1
DA:3,1
DA:4,1
DA:5,1
DA:6,1
DA:7,1
DA:8,1
DA:9,1
DA:10,1
DA:11,1
DA:12,1
DA:13,1
LF:13
LH:13
BRF:0
BRH:0
end_of_record
TN:
SF:src\pages\FactorOverviewPage.vue
FN:138,normalizeRows
FN:158,filterTree
FN:168,formatDate
FN:172,defaultDateRange
FN:179,flattenTree
FN:187,loadMeta
FN:208,attachBaseFactors
FN:234,loadFunds
FN:240,handleSearch
FN:272,chooseFactor
FN:278,resetFilter
FN:285,exportData
FN:295,buildSeries
FN:314,renderChart
FN:324,formatter
FN:348,openCreateDialog
FN:359,__vite_ssr_import_0__.watch.dialog.weightRows.dialog.selectedIds.map.id.id
FN:359,__vite_ssr_import_0__.watch.deep
FN:367,submitDialog
FN:392,__vite_ssr_import_0__.watch.page.page
FN:396,__vite_ssr_import_0__.watch.page.page
FN:396,__vite_ssr_import_0__.watch.deep
FN:5,__vite_ssr_import_3__.createElementBlock.__vite_ssr_import_3__.createElementVNode.__vite_ssr_import_3__.createElementVNode.__vite_ssr_import_3__.createVNode.onClick._cache.<computed>._cache.<computed>
FN:6,__vite_ssr_import_3__.createElementBlock.__vite_ssr_import_3__.createElementVNode.__vite_ssr_import_3__.createElementVNode.__vite_ssr_import_3__.createVNode.onClick._cache.<computed>._cache.<computed>
FN:12,__vite_ssr_import_3__.createElementBlock.__vite_ssr_import_3__.createElementVNode.__vite_ssr_import_3__.createVNode.onUpdate:modelValue._cache.<computed>._cache.<computed>
FN:15,__vite_ssr_import_3__.createElementBlock.__vite_ssr_import_3__.createElementVNode.__vite_ssr_import_3__.createVNode.onUpdate:modelValue._cache.<computed>._cache.<computed>
FN:18,__vite_ssr_import_3__.createElementBlock.__vite_ssr_import_3__.createElementVNode.__vite_ssr_import_3__.createVNode.onUpdate:modelValue._cache.<computed>._cache.<computed>
FN:27,__vite_ssr_import_3__.createElementBlock.__vite_ssr_import_3__.createElementVNode.__vite_ssr_import_3__.createElementVNode.__vite_ssr_import_3__.createVNode.onUpdate:modelValue._cache.<computed>._cache.<computed>
FN:59,__vite_ssr_import_3__.createElementBlock.__vite_ssr_import_3__.createElementVNode.__vite_ssr_import_3__.createElementVNode.__vite_ssr_import_3__.createElementVNode.__vite_ssr_import_3__.createVNode.onUpdate:currentPage._cache.<computed>._cache.<computed>
FN:60,__vite_ssr_import_3__.createElementBlock.__vite_ssr_import_3__.createElementVNode.__vite_ssr_import_3__.createElementVNode.__vite_ssr_import_3__.createElementVNode.__vite_ssr_import_3__.createVNode.onUpdate:pageSize._cache.<computed>._cache.<computed>
FN:71,__vite_ssr_import_3__.createElementBlock.__vite_ssr_import_3__.createVNode.onUpdate:modelValue._cache.<computed>._cache.<computed>
FNF:31
FNH:17
FNDA:60,normalizeRows
FNDA:39,filterTree
FNDA:41,formatDate
FNDA:20,defaultDateRange
FNDA:3,flattenTree
FNDA:24,loadMeta
FNDA:86,attachBaseFactors
FNDA:0,loadFunds
FNDA:61,handleSearch
FNDA:1,chooseFactor
FNDA:1,resetFilter
FNDA:0,exportData
FNDA:0,buildSeries
FNDA:59,renderChart
FNDA:0,formatter
FNDA:1,openCreateDialog
FNDA:19,__vite_ssr_import_0__.watch.dialog.weightRows.dialog.selectedIds.map.id.id
FNDA:1,__vite_ssr_import_0__.watch.deep
FNDA:0,submitDialog
FNDA:37,__vite_ssr_import_0__.watch.page.page
FNDA:38,__vite_ssr_import_0__.watch.page.page
FNDA:20,__vite_ssr_import_0__.watch.deep
FNDA:0,__vite_ssr_import_3__.createElementBlock.__vite_ssr_import_3__.createElementVNode.__vite_ssr_import_3__.createElementVNode.__vite_ssr_import_3__.createVNode.onClick._cache.<computed>._cache.<computed>
FNDA:0,__vite_ssr_import_3__.createElementBlock.__vite_ssr_import_3__.createElementVNode.__vite_ssr_import_3__.createElementVNode.__vite_ssr_import_3__.createVNode.onClick._cache.<computed>._cache.<computed>
FNDA:0,__vite_ssr_import_3__.createElementBlock.__vite_ssr_import_3__.createElementVNode.__vite_ssr_import_3__.createVNode.onUpdate:modelValue._cache.<computed>._cache.<computed>
FNDA:0,__vite_ssr_import_3__.createElementBlock.__vite_ssr_import_3__.createElementVNode.__vite_ssr_import_3__.createVNode.onUpdate:modelValue._cache.<computed>._cache.<computed>
FNDA:0,__vite_ssr_import_3__.createElementBlock.__vite_ssr_import_3__.createElementVNode.__vite_ssr_import_3__.createVNode.onUpdate:modelValue._cache.<computed>._cache.<computed>
FNDA:0,__vite_ssr_import_3__.createElementBlock.__vite_ssr_import_3__.createElementVNode.__vite_ssr_import_3__.createElementVNode.__vite_ssr_import_3__.createVNode.onUpdate:modelValue._cache.<computed>._cache.<computed>
FNDA:0,__vite_ssr_import_3__.createElementBlock.__vite_ssr_import_3__.createElementVNode.__vite_ssr_import_3__.createElementVNode.__vite_ssr_import_3__.createElementVNode.__vite_ssr_import_3__.createVNode.onUpdate:currentPage._cache.<computed>._cache.<computed>
FNDA:0,__vite_ssr_import_3__.createElementBlock.__vite_ssr_import_3__.createElementVNode.__vite_ssr_import_3__.createElementVNode.__vite_ssr_import_3__.createElementVNode.__vite_ssr_import_3__.createVNode.onUpdate:pageSize._cache.<computed>._cache.<computed>
FNDA:0,__vite_ssr_import_3__.createElementBlock.__vite_ssr_import_3__.createVNode.onUpdate:modelValue._cache.<computed>._cache.<computed>
DA:1,1
DA:2,1
DA:3,1
DA:4,1
DA:5,1
DA:6,1
DA:7,1
DA:8,1
DA:9,1
DA:10,1
DA:11,1
DA:12,1
DA:13,1
DA:14,1
DA:15,1
DA:16,1
DA:17,1
DA:18,1
DA:19,1
DA:20,1
DA:21,1
DA:22,1
DA:23,1
DA:24,1
DA:25,1
DA:26,1
DA:27,1
DA:28,1
DA:29,1
DA:30,1
DA:31,1
DA:32,1
DA:33,1
DA:34,1
DA:35,1
DA:36,1
DA:37,1
DA:38,1
DA:39,1
DA:40,1
DA:41,1
DA:42,1
DA:43,1
DA:44,1
DA:45,1
DA:46,1
DA:47,1
DA:48,1
DA:49,1
DA:50,1
DA:51,1
DA:52,1
DA:53,1
DA:54,1
DA:55,1
DA:56,1
DA:57,1
DA:58,1
DA:59,1
DA:60,1
DA:61,1
DA:62,1
DA:63,1
DA:64,1
DA:65,1
DA:66,1
DA:67,1
DA:68,1
DA:69,1
DA:70,1
DA:71,1
DA:72,1
DA:73,1
DA:74,1
DA:75,1
DA:76,1
DA:77,1
DA:78,1
DA:79,1
DA:80,1
DA:81,1
DA:82,1
DA:83,1
DA:84,1
DA:85,1
DA:86,1
DA:87,1
DA:88,1
DA:89,1
DA:90,1
DA:91,1
DA:92,1
DA:93,1
DA:94,1
DA:95,1
DA:96,1
DA:97,1
DA:98,1
DA:99,1
DA:100,1
DA:101,1
DA:102,1
DA:103,1
DA:104,1
DA:105,1
DA:106,1
DA:107,1
DA:108,1
DA:109,1
DA:110,1
DA:111,1
DA:112,1
DA:113,1
DA:114,1
DA:115,1
DA:116,1
DA:117,1
DA:118,1
DA:119,1
DA:120,1
DA:121,1
DA:122,1
DA:123,1
DA:124,1
DA:125,1
DA:126,1
DA:127,1
DA:128,1
DA:129,1
DA:130,1
DA:131,1
DA:132,1
DA:133,1
DA:134,1
DA:135,1
DA:136,1
DA:137,1
DA:138,60
DA:139,60
DA:140,60
DA:141,60
DA:142,46
DA:143,46
DA:144,46
DA:145,46
DA:146,46
DA:147,46
DA:148,46
DA:149,46
DA:150,46
DA:151,46
DA:152,46
DA:153,46
DA:154,46
DA:155,46
DA:156,46
DA:157,1
DA:158,39
DA:159,39
DA:160,39
DA:161,2
DA:162,2
DA:163,2
DA:164,1
DA:165,39
DA:166,39
DA:167,1
DA:168,41
DA:169,41
DA:170,41
DA:171,1
DA:172,20
DA:173,20
DA:174,20
DA:175,20
DA:176,20
DA:177,20
DA:178,1
DA:179,3
DA:180,3
DA:181,2
DA:182,2
DA:183,2
DA:184,3
DA:185,3
DA:186,1
DA:187,24
DA:188,24
DA:189,24
DA:190,24
DA:191,24
DA:192,24
DA:193,24
DA:194,24
DA:195,24
DA:196,24
DA:197,24
DA:198,24
DA:199,24
DA:200,24
DA:201,24
DA:202,24
DA:203,24
DA:204,24
DA:205,24
DA:206,24
DA:207,24
DA:208,24
DA:209,86
DA:210,62
DA:211,62
DA:212,62
DA:213,62
DA:214,62
DA:215,62
DA:216,62
DA:217,86
DA:218,86
DA:219,24
DA:220,24
DA:221,24
DA:222,24
DA:223,24
DA:224,24
DA:225,24
DA:226,24
DA:227,24
DA:228,24
DA:229,18
DA:230,18
DA:231,24
DA:232,1
DA:233,1
DA:234,0
DA:235,0
DA:236,0
DA:237,0
DA:238,0
DA:239,1
DA:240,61
DA:241,61
DA:242,59
DA:243,59
DA:244,59
DA:245,59
DA:246,61
DA:247,61
DA:248,61
DA:249,61
DA:250,61
DA:251,61
DA:252,61
DA:253,61
DA:254,61
DA:255,61
DA:256,61
DA:257,0
DA:258,61
DA:259,0
DA:260,59
DA:261,59
DA:262,59
DA:263,59
DA:264,59
DA:265,59
DA:266,59
DA:267,59
DA:268,59
DA:269,59
DA:270,61
DA:271,1
DA:272,1
DA:273,1
DA:274,1
DA:275,1
DA:276,1
DA:277,1
DA:278,1
DA:279,1
DA:280,1
DA:281,1
DA:282,1
DA:283,1
DA:284,1
DA:285,0
DA:286,0
DA:287,0
DA:288,0
DA:289,0
DA:290,0
DA:291,0
DA:292,0
DA:293,0
DA:294,1
DA:295,0
DA:296,0
DA:297,0
DA:298,0
DA:299,0
DA:300,0
DA:301,0
DA:302,0
DA:303,0
DA:304,0
DA:305,0
DA:306,0
DA:307,0
DA:308,0
DA:309,0
DA:310,0
DA:311,0
DA:312,0
DA:313,1
DA:314,59
DA:315,59
DA:316,59
DA:317,59
DA:318,59
DA:319,59
DA:320,59
DA:321,59
DA:322,59
DA:323,59
DA:324,59
DA:325,0
DA:326,0
DA:327,0
DA:328,0
DA:329,59
DA:330,59
DA:331,59
DA:332,59
DA:333,59
DA:334,59
DA:335,59
DA:336,59
DA:337,59
DA:338,59
DA:339,59
DA:340,59
DA:341,59
DA:342,59
DA:343,59
DA:344,59
DA:345,59
DA:346,59
DA:347,1
DA:348,1
DA:349,1
DA:350,1
DA:351,1
DA:352,1
DA:353,1
DA:354,1
DA:355,1
DA:356,1
DA:357,1
DA:358,1
DA:359,1
DA:360,1
DA:361,0
DA:362,0
DA:363,0
DA:364,1
DA:365,1
DA:366,1
DA:367,0
DA:368,0
DA:369,0
DA:370,0
DA:371,0
DA:372,0
DA:373,0
DA:374,0
DA:375,0
DA:376,0
DA:377,0
DA:378,0
DA:379,0
DA:380,0
DA:381,0
DA:382,0
DA:383,0
DA:384,0
DA:385,0
DA:386,0
DA:387,0
DA:388,0
DA:389,0
DA:390,0
DA:391,1
DA:392,1
DA:393,19
DA:394,19
DA:395,19
DA:396,1
DA:397,20
DA:398,20
DA:399,1
DA:400,1
DA:401,1
DA:402,18
DA:403,18
DA:404,18
DA:405,18
DA:406,1
DA:407,1
DA:408,0
DA:409,0
DA:410,0
DA:411,1
LF:411
LH:343
BRDA:134,0,0,18
BRDA:134,1,0,0
BRDA:135,2,0,39
BRDA:136,3,0,36
BRDA:138,4,0,60
BRDA:139,5,0,18
BRDA:139,6,0,42
BRDA:139,7,0,0
BRDA:139,8,0,0
BRDA:139,9,0,0
BRDA:141,10,0,46
BRDA:146,11,0,0
BRDA:146,12,0,0
BRDA:146,13,0,0
BRDA:147,14,0,0
BRDA:147,15,0,0
BRDA:148,16,0,0
BRDA:148,17,0,0
BRDA:149,18,0,3
BRDA:149,19,0,43
BRDA:149,20,0,43
BRDA:149,21,0,43
BRDA:150,22,0,3
BRDA:150,23,0,43
BRDA:150,24,0,43
BRDA:150,25,0,43
BRDA:150,26,0,43
BRDA:150,27,0,43
BRDA:150,28,0,43
BRDA:151,29,0,0
BRDA:151,30,0,0
BRDA:151,31,0,0
BRDA:143,32,0,213
BRDA:143,33,0,210
BRDA:143,34,0,210
BRDA:143,35,0,210
BRDA:143,36,0,210
BRDA:143,37,0,210
BRDA:158,38,0,39
BRDA:159,39,0,36
BRDA:159,40,0,29
BRDA:159,41,0,3
BRDA:160,42,0,0
BRDA:160,43,0,2
BRDA:161,44,0,0
BRDA:162,45,0,0
BRDA:163,46,0,1
BRDA:163,47,0,1
BRDA:168,48,0,41
BRDA:172,49,0,20
BRDA:179,50,0,3
BRDA:180,51,0,0
BRDA:180,52,0,2
BRDA:182,53,0,0
BRDA:187,54,0,24
BRDA:196,55,0,0
BRDA:196,56,0,0
BRDA:202,57,0,0
BRDA:203,58,0,0
BRDA:204,59,0,0
BRDA:221,60,0,0
BRDA:222,61,0,0
BRDA:223,62,0,0
BRDA:226,63,0,18
BRDA:228,64,0,18
BRDA:228,65,0,18
BRDA:202,66,0,43
BRDA:203,67,0,43
BRDA:204,68,0,24
BRDA:208,69,0,86
BRDA:209,70,0,0
BRDA:209,71,0,62
BRDA:212,72,0,0
BRDA:213,73,0,119
BRDA:214,74,0,43
BRDA:222,75,0,43
BRDA:223,76,0,24
BRDA:240,77,0,61
BRDA:241,78,0,2
BRDA:241,79,0,59
BRDA:246,80,0,0
BRDA:250,81,0,59
BRDA:251,82,0,59
BRDA:256,83,0,0
BRDA:258,84,0,59
BRDA:258,85,0,0
BRDA:245,86,0,59
BRDA:272,87,0,1
BRDA:273,88,0,0
BRDA:273,89,0,0
BRDA:278,90,0,1
BRDA:280,91,0,0
BRDA:314,92,0,59
BRDA:315,93,0,0
BRDA:316,94,0,41
BRDA:320,95,0,45
BRDA:320,96,0,56
BRDA:319,97,0,45
BRDA:341,98,0,45
BRDA:341,99,0,0
BRDA:348,100,0,1
BRDA:355,101,0,0
BRDA:359,102,0,19
BRDA:359,103,0,1
BRDA:392,104,0,37
BRDA:392,105,0,19
BRDA:396,106,0,38
BRDA:396,107,0,20
BRDA:401,108,0,18
BRDA:5,109,0,18
BRDA:6,110,0,18
BRDA:12,111,0,18
BRDA:15,112,0,18
BRDA:18,113,0,18
BRDA:27,114,0,18
BRDA:59,115,0,18
BRDA:60,116,0,18
BRDA:71,117,0,18
BRF:118
BRH:80
end_of_record
TN:
SF:src\pages\LoginPage.vue
FN:37,handleLogin
FNF:1
FNH:1
FNDA:3,handleLogin
DA:1,1
DA:2,1
DA:3,1
DA:4,1
DA:5,1
DA:6,1
DA:7,1
DA:8,1
DA:9,1
DA:10,1
DA:11,1
DA:12,1
DA:13,1
DA:14,1
DA:15,1
DA:16,1
DA:17,1
DA:18,1
DA:19,1
DA:20,1
DA:21,1
DA:22,1
DA:23,1
DA:24,1
DA:25,1
DA:26,1
DA:27,1
DA:28,1
DA:29,1
DA:30,1
DA:31,1
DA:32,1
DA:33,1
DA:34,1
DA:35,1
DA:36,1
DA:37,3
DA:38,3
DA:39,3
DA:40,3
DA:41,1
DA:42,1
DA:43,1
DA:44,3
DA:45,2
DA:46,2
DA:47,3
DA:48,3
DA:49,3
DA:50,3
DA:51,1
DA:52,1
DA:53,1
DA:54,1
DA:55,1
DA:56,1
DA:57,1
DA:58,1
DA:59,1
DA:60,1
DA:61,1
DA:62,1
DA:63,1
DA:64,1
DA:65,1
DA:66,1
DA:67,1
DA:68,1
DA:69,1
DA:70,1
DA:71,1
DA:72,1
DA:73,1
DA:74,1
DA:75,1
DA:76,1
DA:77,1
DA:78,1
DA:79,1
DA:80,1
DA:81,1
DA:82,1
DA:83,1
DA:84,1
DA:85,1
DA:86,1
DA:87,1
DA:88,1
DA:89,1
DA:90,1
DA:91,1
DA:92,1
DA:93,1
DA:94,1
DA:95,1
DA:96,1
DA:97,1
DA:98,1
DA:99,1
DA:100,1
DA:101,1
DA:102,1
DA:103,1
DA:104,1
DA:105,1
DA:106,1
DA:107,1
DA:108,1
DA:109,1
DA:110,1
DA:111,1
LF:111
LH:111
BRDA:37,0,0,3
BRDA:41,1,0,1
BRDA:44,2,0,2
BRDA:45,3,0,1
BRDA:45,4,0,1
BRDA:45,5,0,0
BRF:6
BRH:5
end_of_record
TN:
SF:src\pages\MultiFactorPage.vue
FN:167,addToModel
FN:173,resetModel
FN:178,onSelectionChange
FN:179,viewDetail
FN:183,runBacktest
FN:209,disposeCharts
FN:210,initChart
FN:217,refreshAll
FN:257,renderCharts
FN:314,formatter
FN:319,formatter
FN:328,formatter
FN:7,__vite_ssr_import_4__.createElementBlock.__vite_ssr_import_4__.createElementVNode.__vite_ssr_import_4__.createElementVNode.__vite_ssr_import_4__.createVNode.onUpdate:modelValue._cache.<computed>._cache.<computed>
FN:15,__vite_ssr_import_4__.createElementBlock.__vite_ssr_import_4__.createElementVNode.__vite_ssr_import_4__.createElementVNode.__vite_ssr_import_4__.createVNode.onUpdate:modelValue._cache.<computed>._cache.<computed>
FN:23,__vite_ssr_import_4__.createElementBlock.__vite_ssr_import_4__.createElementVNode.__vite_ssr_import_4__.createElementVNode.__vite_ssr_import_4__.createVNode.onUpdate:modelValue._cache.<computed>._cache.<computed>
FN:51,onUpdate:modelValue
FN:56,onClick
FN:97,__vite_ssr_import_4__.createElementBlock.__vite_ssr_import_4__.createElementVNode.__vite_ssr_import_4__.createElementVNode.__vite_ssr_import_4__.createElementVNode.__vite_ssr_import_4__.createVNode.onUpdate:modelValue._cache.<computed>._cache.<computed>
FN:97,__vite_ssr_import_4__.createElementBlock.__vite_ssr_import_4__.createElementVNode.__vite_ssr_import_4__.createElementVNode.__vite_ssr_import_4__.createElementVNode.__vite_ssr_import_4__.createVNode.onChange._cache.<computed>._cache.<computed>
FN:117,onClick
FN:118,onClick
FN:124,__vite_ssr_import_4__.createElementBlock.__vite_ssr_import_4__.createElementVNode.__vite_ssr_import_4__.createVNode.onUpdate:currentPage._cache.<computed>._cache.<computed>
FN:124,__vite_ssr_import_4__.createElementBlock.__vite_ssr_import_4__.createElementVNode.__vite_ssr_import_4__.createVNode.onUpdate:pageSize._cache.<computed>._cache.<computed>
FN:129,__vite_ssr_import_4__.createElementBlock.__vite_ssr_import_4__.createVNode.onUpdate:modelValue._cache.<computed>._cache.<computed>
FNF:24
FNH:8
FNDA:14,addToModel
FNDA:1,resetModel
FNDA:0,onSelectionChange
FNDA:2,viewDetail
FNDA:1,runBacktest
FNDA:22,disposeCharts
FNDA:84,initChart
FNDA:22,refreshAll
FNDA:21,renderCharts
FNDA:0,formatter
FNDA:0,formatter
FNDA:0,formatter
FNDA:0,__vite_ssr_import_4__.createElementBlock.__vite_ssr_import_4__.createElementVNode.__vite_ssr_import_4__.createElementVNode.__vite_ssr_import_4__.createVNode.onUpdate:modelValue._cache.<computed>._cache.<computed>
FNDA:0,__vite_ssr_import_4__.createElementBlock.__vite_ssr_import_4__.createElementVNode.__vite_ssr_import_4__.createElementVNode.__vite_ssr_import_4__.createVNode.onUpdate:modelValue._cache.<computed>._cache.<computed>
FNDA:0,__vite_ssr_import_4__.createElementBlock.__vite_ssr_import_4__.createElementVNode.__vite_ssr_import_4__.createElementVNode.__vite_ssr_import_4__.createVNode.onUpdate:modelValue._cache.<computed>._cache.<computed>
FNDA:0,onUpdate:modelValue
FNDA:0,onClick
FNDA:0,__vite_ssr_import_4__.createElementBlock.__vite_ssr_import_4__.createElementVNode.__vite_ssr_import_4__.createElementVNode.__vite_ssr_import_4__.createElementVNode.__vite_ssr_import_4__.createVNode.onUpdate:modelValue._cache.<computed>._cache.<computed>
FNDA:0,__vite_ssr_import_4__.createElementBlock.__vite_ssr_import_4__.createElementVNode.__vite_ssr_import_4__.createElementVNode.__vite_ssr_import_4__.createElementVNode.__vite_ssr_import_4__.createVNode.onChange._cache.<computed>._cache.<computed>
FNDA:0,onClick
FNDA:0,onClick
FNDA:0,__vite_ssr_import_4__.createElementBlock.__vite_ssr_import_4__.createElementVNode.__vite_ssr_import_4__.createVNode.onUpdate:currentPage._cache.<computed>._cache.<computed>
FNDA:0,__vite_ssr_import_4__.createElementBlock.__vite_ssr_import_4__.createElementVNode.__vite_ssr_import_4__.createVNode.onUpdate:pageSize._cache.<computed>._cache.<computed>
FNDA:0,__vite_ssr_import_4__.createElementBlock.__vite_ssr_import_4__.createVNode.onUpdate:modelValue._cache.<computed>._cache.<computed>
DA:1,1
DA:2,1
DA:3,1
DA:4,1
DA:5,1
DA:6,1
DA:7,1
DA:8,1
DA:9,1
DA:10,1
DA:11,1
DA:12,1
DA:13,1
DA:14,1
DA:15,1
DA:16,1
DA:17,1
DA:18,1
DA:19,1
DA:20,1
DA:21,1
DA:22,1
DA:23,1
DA:24,1
DA:25,1
DA:26,1
DA:27,1
DA:28,1
DA:29,1
DA:30,1
DA:31,1
DA:32,1
DA:33,1
DA:34,1
DA:35,1
DA:36,1
DA:37,1
DA:38,1
DA:39,1
DA:40,1
DA:41,1
DA:42,1
DA:43,1
DA:44,1
DA:45,1
DA:46,1
DA:47,1
DA:48,1
DA:49,1
DA:50,1
DA:51,1
DA:52,1
DA:53,1
DA:54,1
DA:55,1
DA:56,1
DA:57,1
DA:58,1
DA:59,1
DA:60,1
DA:61,1
DA:62,1
DA:63,1
DA:64,1
DA:65,1
DA:66,1
DA:67,1
DA:68,1
DA:69,1
DA:70,1
DA:71,1
DA:72,1
DA:73,1
DA:74,1
DA:75,1
DA:76,1
DA:77,1
DA:78,1
DA:79,1
DA:80,1
DA:81,1
DA:82,1
DA:83,1
DA:84,1
DA:85,1
DA:86,1
DA:87,1
DA:88,1
DA:89,1
DA:90,1
DA:91,1
DA:92,1
DA:93,1
DA:94,1
DA:95,1
DA:96,1
DA:97,1
DA:98,1
DA:99,1
DA:100,1
DA:101,1
DA:102,1
DA:103,1
DA:104,1
DA:105,1
DA:106,1
DA:107,1
DA:108,1
DA:109,1
DA:110,1
DA:111,1
DA:112,1
DA:113,1
DA:114,1
DA:115,1
DA:116,1
DA:117,1
DA:118,1
DA:119,1
DA:120,1
DA:121,1
DA:122,1
DA:123,1
DA:124,1
DA:125,1
DA:126,1
DA:127,1
DA:128,1
DA:129,1
DA:130,1
DA:131,1
DA:132,1
DA:133,1
DA:134,1
DA:135,1
DA:136,1
DA:137,1
DA:138,1
DA:139,1
DA:140,1
DA:141,1
DA:142,1
DA:143,1
DA:144,1
DA:145,1
DA:146,1
DA:147,1
DA:148,1
DA:149,1
DA:150,1
DA:151,1
DA:152,1
DA:153,1
DA:154,1
DA:155,1
DA:156,1
DA:157,1
DA:158,1
DA:159,1
DA:160,1
DA:161,1
DA:162,1
DA:163,1
DA:164,1
DA:165,1
DA:166,1
DA:167,14
DA:168,14
DA:169,14
DA:170,13
DA:171,13
DA:172,13
DA:173,1
DA:174,1
DA:175,1
DA:176,1
DA:177,1
DA:178,0
DA:179,2
DA:180,2
DA:181,2
DA:182,2
DA:183,1
DA:184,1
DA:185,1
DA:186,1
DA:187,43
DA:188,43
DA:189,1
DA:190,1
DA:191,43
DA:192,43
DA:193,1
DA:194,1
DA:195,1
DA:196,1
DA:197,1
DA:198,1
DA:199,1
DA:200,1
DA:201,1
DA:202,1
DA:203,1
DA:204,1
DA:205,1
DA:206,1
DA:207,1
DA:208,1
DA:209,22
DA:210,84
DA:211,84
DA:212,80
DA:213,80
DA:214,80
DA:215,80
DA:216,1
DA:217,22
DA:218,22
DA:219,22
DA:220,22
DA:221,22
DA:222,22
DA:223,22
DA:224,22
DA:225,22
DA:226,22
DA:227,22
DA:228,22
DA:229,22
DA:230,22
DA:231,22
DA:232,22
DA:233,22
DA:234,22
DA:235,22
DA:236,22
DA:237,22
DA:238,22
DA:239,22
DA:240,22
DA:241,22
DA:242,22
DA:243,22
DA:244,22
DA:245,22
DA:246,22
DA:247,22
DA:248,22
DA:249,22
DA:250,22
DA:251,0
DA:252,22
DA:253,22
DA:254,22
DA:255,22
DA:256,1
DA:257,21
DA:258,21
DA:259,21
DA:260,21
DA:261,21
DA:262,20
DA:263,20
DA:264,1200
DA:265,1200
DA:266,20
DA:267,20
DA:268,20
DA:269,20
DA:270,20
DA:271,20
DA:272,20
DA:273,20
DA:274,60
DA:275,60
DA:276,60
DA:277,20
DA:278,20
DA:279,20
DA:280,21
DA:281,21
DA:282,21
DA:283,20
DA:284,1200
DA:285,1200
DA:286,20
DA:287,20
DA:288,20
DA:289,200
DA:290,200
DA:291,200
DA:292,200
DA:293,200
DA:294,200
DA:295,200
DA:296,200
DA:297,200
DA:298,200
DA:299,200
DA:300,200
DA:301,200
DA:302,200
DA:303,200
DA:304,21
DA:305,21
DA:306,21
DA:307,20
DA:308,20
DA:309,20
DA:310,20
DA:311,20
DA:312,60
DA:313,20
DA:314,20
DA:315,20
DA:316,20
DA:317,20
DA:318,20
DA:319,20
DA:320,20
DA:321,20
DA:322,21
DA:323,21
DA:324,21
DA:325,20
DA:326,20
DA:327,20
DA:328,20
DA:329,20
DA:330,20
DA:331,20
DA:332,20
DA:333,20
DA:334,20
DA:335,21
DA:336,1
DA:337,1
DA:338,21
DA:339,21
DA:340,21
DA:341,21
DA:342,21
DA:343,21
DA:344,1
DA:345,1
DA:346,1
DA:347,1
DA:348,1
DA:349,1
DA:350,1
DA:351,1
DA:352,1
DA:353,1
DA:354,1
DA:355,1
DA:356,1
DA:357,1
DA:358,1
DA:359,1
DA:360,1
DA:361,1
DA:362,1
DA:363,1
DA:364,1
DA:365,1
DA:366,1
DA:367,1
DA:368,1
DA:369,1
DA:370,1
DA:371,1
DA:372,1
DA:373,1
DA:374,1
DA:375,1
DA:376,1
DA:377,1
DA:378,1
DA:379,1
DA:380,1
DA:381,1
DA:382,1
DA:383,1
DA:384,1
DA:385,1
DA:386,1
DA:387,1
DA:388,1
DA:389,1
DA:390,1
DA:391,1
DA:392,1
LF:392
LH:390
BRDA:166,0,0,30
BRDA:166,1,0,18
BRDA:166,2,0,10
BRDA:167,3,0,14
BRDA:168,4,0,0
BRDA:169,5,0,1
BRDA:169,6,0,13
BRDA:169,7,0,24
BRDA:173,8,0,1
BRDA:179,9,0,2
BRDA:183,10,0,1
BRDA:186,11,0,43
BRDA:188,12,0,1
BRDA:189,13,0,3
BRDA:209,14,0,22
BRDA:209,15,0,4
BRDA:209,16,0,0
BRDA:210,17,0,84
BRDA:211,18,0,4
BRDA:211,19,0,80
BRDA:217,20,0,22
BRDA:224,21,0,0
BRDA:236,22,0,21
BRDA:236,23,0,1
BRDA:238,24,0,21
BRDA:238,25,0,1
BRDA:239,26,0,21
BRDA:239,27,0,1
BRDA:229,28,0,63
BRDA:233,29,0,63
BRDA:235,30,0,63
BRDA:235,31,0,63
BRDA:236,32,0,63
BRDA:237,33,0,63
BRDA:238,34,0,63
BRDA:239,35,0,63
BRDA:247,36,0,22
BRDA:248,37,0,22
BRDA:249,38,0,21
BRDA:257,39,0,21
BRDA:261,40,0,20
BRDA:282,41,0,20
BRDA:288,42,0,200
BRDA:292,43,0,180
BRDA:292,44,0,40
BRDA:292,45,0,160
BRDA:292,46,0,20
BRDA:292,47,0,180
BRDA:292,48,0,20
BRDA:292,49,0,160
BRDA:306,50,0,20
BRDA:307,51,0,0
BRDA:311,52,0,60
BRDA:312,53,0,180
BRDA:312,54,0,0
BRDA:312,55,0,0
BRDA:324,56,0,20
BRDA:263,57,0,1200
BRDA:269,58,0,60
BRDA:273,59,0,60
BRDA:275,60,0,3600
BRDA:283,61,0,1200
BRDA:289,62,0,12000
BRDA:326,63,0,240
BRDA:332,64,0,240
BRDA:332,65,0,183
BRDA:332,66,0,57
BRDA:337,67,0,21
BRDA:6,68,0,21
BRDA:7,69,0,21
BRDA:14,70,0,21
BRDA:15,71,0,21
BRDA:22,72,0,21
BRDA:23,73,0,21
BRDA:42,74,0,21
BRDA:45,75,0,68
BRDA:66,76,0,2
BRDA:73,77,0,21
BRDA:77,78,0,21
BRDA:81,79,0,21
BRDA:85,80,0,21
BRDA:95,81,0,21
BRDA:97,82,0,21
BRDA:97,83,0,21
BRDA:124,84,0,21
BRDA:124,85,0,21
BRDA:129,86,0,21
BRDA:129,87,0,2
BRDA:129,88,0,73
BRDA:33,89,0,0
BRDA:110,90,0,116
BRDA:118,91,0,165
BRDA:118,92,0,33
BRDA:119,93,0,24
BRDA:119,94,0,200
BRDA:119,95,0,66
BRDA:131,96,0,0
BRDA:139,97,0,0
BRF:98
BRH:89
end_of_record
TN:
SF:src\pages\StyleFactorPage.vue
FN:90,load
FN:106,openCreate
FN:114,openEdit
FN:122,handleDelete
FN:131,togglePin
FN:135,__vite_ssr_import_0__.watch.deep
FN:142,submitDialog
FN:22,onClick
FN:23,onClick
FN:24,onClick
FN:29,__vite_ssr_import_3__.createElementBlock.__vite_ssr_import_3__.createVNode.onUpdate:modelValue._cache.<computed>._cache.<computed>
FN:61,__vite_ssr_import_3__.createVNode.onClick._cache.<computed>._cache.<computed>
FN:32,__vite_ssr_import_3__.createVNode.onUpdate:modelValue._cache.<computed>._cache.<computed>
FN:35,__vite_ssr_import_3__.createVNode.onUpdate:modelValue._cache.<computed>._cache.<computed>
FN:39,__vite_ssr_import_3__.createVNode.onUpdate:modelValue._cache.<computed>._cache.<computed>
FN:51,onUpdate:modelValue
FNF:16
FNH:7
FNDA:21,load
FNDA:6,openCreate
FNDA:2,openEdit
FNDA:3,handleDelete
FNDA:1,togglePin
FNDA:8,__vite_ssr_import_0__.watch.deep
FNDA:3,submitDialog
FNDA:0,onClick
FNDA:0,onClick
FNDA:0,onClick
FNDA:0,__vite_ssr_import_3__.createElementBlock.__vite_ssr_import_3__.createVNode.onUpdate:modelValue._cache.<computed>._cache.<computed>
FNDA:0,__vite_ssr_import_3__.createVNode.onClick._cache.<computed>._cache.<computed>
FNDA:0,__vite_ssr_import_3__.createVNode.onUpdate:modelValue._cache.<computed>._cache.<computed>
FNDA:0,__vite_ssr_import_3__.createVNode.onUpdate:modelValue._cache.<computed>._cache.<computed>
FNDA:0,__vite_ssr_import_3__.createVNode.onUpdate:modelValue._cache.<computed>._cache.<computed>
FNDA:0,onUpdate:modelValue
DA:1,1
DA:2,1
DA:3,1
DA:4,1
DA:5,1
DA:6,1
DA:7,1
DA:8,1
DA:9,1
DA:10,1
DA:11,1
DA:12,1
DA:13,1
DA:14,1
DA:15,1
DA:16,1
DA:17,1
DA:18,1
DA:19,1
DA:20,1
DA:21,1
DA:22,1
DA:23,1
DA:24,1
DA:25,1
DA:26,1
DA:27,1
DA:28,1
DA:29,1
DA:30,1
DA:31,1
DA:32,1
DA:33,1
DA:34,1
DA:35,1
DA:36,1
DA:37,1
DA:38,1
DA:39,1
DA:40,1
DA:41,1
DA:42,1
DA:43,1
DA:44,1
DA:45,1
DA:46,1
DA:47,1
DA:48,1
DA:49,1
DA:50,1
DA:51,1
DA:52,1
DA:53,1
DA:54,1
DA:55,1
DA:56,1
DA:57,1
DA:58,1
DA:59,1
DA:60,1
DA:61,1
DA:62,1
DA:63,1
DA:64,1
DA:65,1
DA:66,1
DA:67,1
DA:68,1
DA:69,1
DA:70,1
DA:71,1
DA:72,1
DA:73,1
DA:74,1
DA:75,1
DA:76,1
DA:77,1
DA:78,1
DA:79,1
DA:80,1
DA:81,1
DA:82,1
DA:83,1
DA:84,1
DA:85,1
DA:86,1
DA:87,1
DA:88,1
DA:89,1
DA:90,21
DA:91,21
DA:92,21
DA:93,21
DA:94,21
DA:95,21
DA:96,21
DA:97,21
DA:98,21
DA:99,42
DA:100,21
DA:101,21
DA:102,21
DA:103,21
DA:104,21
DA:105,1
DA:106,6
DA:107,6
DA:108,6
DA:109,6
DA:110,6
DA:111,6
DA:112,6
DA:113,1
DA:114,2
DA:115,2
DA:116,2
DA:117,2
DA:118,2
DA:119,2
DA:120,2
DA:121,1
DA:122,3
DA:123,3
DA:124,3
DA:125,2
DA:126,2
DA:127,2
DA:128,3
DA:129,3
DA:130,1
DA:131,1
DA:132,1
DA:133,1
DA:134,1
DA:135,1
DA:136,8
DA:137,8
DA:138,8
DA:139,8
DA:140,1
DA:141,1
DA:142,3
DA:143,3
DA:144,3
DA:145,3
DA:146,3
DA:147,3
DA:148,3
DA:149,3
DA:150,3
DA:151,3
DA:152,1
DA:153,3
DA:154,2
DA:155,2
DA:156,3
DA:157,3
DA:158,3
DA:159,3
DA:160,3
DA:161,3
DA:162,3
DA:163,1
DA:164,1
DA:165,1
LF:165
LH:165
BRDA:88,0,0,8
BRDA:88,1,0,8
BRDA:88,2,0,0
BRDA:90,3,0,21
BRDA:97,4,0,0
BRDA:98,5,0,0
BRDA:98,6,0,42
BRDA:99,7,0,0
BRDA:106,8,0,6
BRDA:114,9,0,2
BRDA:117,10,0,1
BRDA:122,11,0,3
BRDA:124,12,0,2
BRDA:128,13,0,1
BRDA:128,14,0,0
BRDA:131,15,0,1
BRDA:135,16,0,24
BRDA:135,17,0,8
BRDA:136,18,0,8
BRDA:138,19,0,0
BRDA:138,20,0,0
BRDA:137,21,0,11
BRDA:142,22,0,3
BRDA:143,23,0,0
BRDA:151,24,0,1
BRDA:152,25,0,0
BRDA:153,26,0,2
BRDA:157,27,0,1
BRDA:157,28,0,2
BRDA:149,29,0,4
BRDA:152,30,0,2
BRDA:4,31,0,16
BRDA:29,32,0,16
BRDA:29,33,0,4
BRDA:29,34,0,62
BRDA:13,35,0,62
BRDA:17,36,0,31
BRDA:17,37,0,47
BRDA:17,38,0,31
BRDA:17,39,0,31
BRDA:23,40,0,31
BRDA:23,41,0,47
BRDA:61,42,0,8
BRDA:63,43,0,6
BRDA:63,44,0,16
BRDA:32,45,0,8
BRDA:35,46,0,8
BRDA:39,47,0,8
BRDA:56,48,0,0
BRF:49
BRH:39
end_of_record
TN:
SF:src\pages\WorkspacePage.vue
FN:75,toggleTheme
FN:76,logout
FN:78,__vite_ssr_import_0__.watch.immediate
FN:26,__vite_ssr_import_3__.createElementBlock.__vite_ssr_import_3__.createElementVNode.__vite_ssr_import_3__.createElementVNode.__vite_ssr_import_3__.createVNode.onClick._cache.<computed>._cache.<computed>
FN:50,__vite_ssr_import_3__.createElementBlock.__vite_ssr_import_3__.createVNode.onClose._cache.<computed>._cache.<computed>
FNF:5
FNH:3
FNDA:2,toggleTheme
FNDA:1,logout
FNDA:7,__vite_ssr_import_0__.watch.immediate
FNDA:0,__vite_ssr_import_3__.createElementBlock.__vite_ssr_import_3__.createElementVNode.__vite_ssr_import_3__.createElementVNode.__vite_ssr_import_3__.createVNode.onClick._cache.<computed>._cache.<computed>
FNDA:0,__vite_ssr_import_3__.createElementBlock.__vite_ssr_import_3__.createVNode.onClose._cache.<computed>._cache.<computed>
DA:1,1
DA:2,1
DA:3,1
DA:4,1
DA:5,1
DA:6,1
DA:7,1
DA:8,1
DA:9,1
DA:10,1
DA:11,1
DA:12,1
DA:13,1
DA:14,1
DA:15,1
DA:16,1
DA:17,1
DA:18,1
DA:19,1
DA:20,1
DA:21,1
DA:22,1
DA:23,1
DA:24,1
DA:25,1
DA:26,1
DA:27,1
DA:28,1
DA:29,1
DA:30,1
DA:31,1
DA:32,1
DA:33,1
DA:34,1
DA:35,1
DA:36,1
DA:37,1
DA:38,1
DA:39,1
DA:40,1
DA:41,1
DA:42,1
DA:43,1
DA:44,1
DA:45,1
DA:46,1
DA:47,1
DA:48,1
DA:49,1
DA:50,1
DA:51,1
DA:52,1
DA:53,1
DA:54,1
DA:55,1
DA:56,1
DA:57,1
DA:58,1
DA:59,1
DA:60,1
DA:61,1
DA:62,1
DA:63,1
DA:64,1
DA:65,1
DA:66,1
DA:67,1
DA:68,1
DA:69,1
DA:70,1
DA:71,1
DA:72,1
DA:73,1
DA:74,1
DA:75,2
DA:76,1
DA:77,1
DA:78,1
DA:79,1
DA:80,1
DA:81,1
DA:82,1
DA:83,1
DA:84,1
DA:85,1
DA:86,1
DA:87,1
LF:87
LH:87
BRDA:61,0,0,1
BRDA:73,1,0,1
BRDA:63,2,0,7
BRDA:63,3,0,0
BRDA:75,4,0,2
BRDA:75,5,0,1
BRDA:75,6,0,1
BRDA:76,7,0,1
BRDA:78,8,0,7
BRDA:78,9,0,0
BRDA:26,10,0,6
BRDA:50,11,0,6
BRF:12
BRH:10
end_of_record
